{
  "stats": {
    "suites": 0,
    "tests": 1,
    "passes": 0,
    "pending": 0,
    "failures": 1,
    "start": "2023-03-30T07:29:15.725Z",
    "end": "2023-03-30T07:29:27.293Z",
    "duration": 11568,
    "testsRegistered": 1,
    "passPercent": 0,
    "pendingPercent": 0,
    "other": 0,
    "hasOther": false,
    "skipped": 0,
    "hasSkipped": false
  },
  "results": [
    {
      "uuid": "7d90c772-ca1d-49d8-8b65-ef8d3dff63de",
      "title": "",
      "fullFile": "cypress\\e2e\\DemoQA\\Element_uploaddownload.cy.js",
      "file": "cypress\\e2e\\DemoQA\\Element_uploaddownload.cy.js",
      "beforeHooks": [],
      "afterHooks": [],
      "tests": [
        {
          "title": "this is sample test script",
          "fullTitle": "this is sample test script",
          "timedOut": null,
          "duration": 11468,
          "state": "failed",
          "speed": null,
          "pass": false,
          "fail": true,
          "pending": false,
          "context": "{\n  \"title\": \"cypress-mochawesome-reporter-screenshots\",\n  \"value\": [\n    [\n      {\n        \"title\": \"Failed screenshot\",\n        \"value\": \"\\\\Element_uploaddownload.cy.js\\\\this is sample test script (failed).png\"\n      }\n    ]\n  ]\n}",
          "code": "cy.visit(\"upload-download\");\n_elementuploaddownload.default.clickuploaddownloadbtn();\n_elementuploaddownload.default.uploaddownloadbtnheadervalidation(this.data.uploaddownload);\n_elementuploaddownload.default.clickdownloadbtn();\n_elementuploaddownload.default.clickchoosefilebtn();",
          "err": {
            "message": "CypressError: Timed out retrying after 4000ms: `cy.scrollTo()` failed because this element is not scrollable:\n\n`<div class=\"main-header\">Upload ...</div>`\n\nMake sure you're targeting the correct element or use `{ensureScrollable: false}` to disable the scrollable check.\n\nhttps://on.cypress.io/scrollto",
            "estack": "CypressError: Timed out retrying after 4000ms: `cy.scrollTo()` failed because this element is not scrollable:\n\n`<div class=\"main-header\">Upload ...</div>`\n\nMake sure you're targeting the correct element or use `{ensureScrollable: false}` to disable the scrollable check.\n\nhttps://on.cypress.io/scrollto\n    at Object.isScrollable (https://demoqa.com/__cypress/runner/cypress_runner.js:152048:64)\n    at ensureScrollability (https://demoqa.com/__cypress/runner/cypress_runner.js:133216:28)\n    at tryCatcher (https://demoqa.com/__cypress/runner/cypress_runner.js:8914:23)\n    at Promise.attempt.Promise.try (https://demoqa.com/__cypress/runner/cypress_runner.js:6188:29)\n    at whenStable (https://demoqa.com/__cypress/runner/cypress_runner.js:146742:65)\n    at <unknown> (https://demoqa.com/__cypress/runner/cypress_runner.js:146183:14)\n    at tryCatcher (https://demoqa.com/__cypress/runner/cypress_runner.js:8914:23)\n    at Promise._settlePromiseFromHandler (https://demoqa.com/__cypress/runner/cypress_runner.js:6849:31)\n    at Promise._settlePromise (https://demoqa.com/__cypress/runner/cypress_runner.js:6906:18)\n    at Promise._settlePromise0 (https://demoqa.com/__cypress/runner/cypress_runner.js:6951:10)\n    at Promise._settlePromises (https://demoqa.com/__cypress/runner/cypress_runner.js:7031:18)\n    at Promise._fulfill (https://demoqa.com/__cypress/runner/cypress_runner.js:6975:18)\n    at <unknown> (https://demoqa.com/__cypress/runner/cypress_runner.js:8589:46)\nFrom Your Spec Code:\n    at elementuplaoddownloadPage.uploaddownloadbtnheadervalidation (webpack:///./cypress/pages/elementuploaddownload.js:12:48)\n    at Context.eval (webpack:///./cypress/e2e/DemoQA/Element_uploaddownload.cy.js:15:26)",
            "diff": null
          },
          "uuid": "3b505676-aa03-4c36-a126-9fab00f24473",
          "parentUUID": "7d90c772-ca1d-49d8-8b65-ef8d3dff63de",
          "isHook": false,
          "skipped": false
        }
      ],
      "suites": [],
      "passes": [],
      "failures": [
        "3b505676-aa03-4c36-a126-9fab00f24473"
      ],
      "pending": [],
      "skipped": [],
      "duration": 11468,
      "root": true,
      "rootEmpty": false,
      "_timeout": 2000
    }
  ],
  "meta": {
    "mocha": {
      "version": "7.0.1"
    },
    "mochawesome": {
      "options": {
        "quiet": false,
        "reportFilename": "mochawesome",
        "saveHtml": false,
        "saveJson": true,
        "consoleReporter": "spec",
        "useInlineDiffs": false,
        "code": true
      },
      "version": "7.1.3"
    },
    "marge": {
      "options": {
        "overwrite": false,
        "html": false,
        "json": true,
        "reportDir": "cypress\\reports\\html\\.jsons"
      },
      "version": "6.2.0"
    }
  }
}