{
  "stats": {
    "suites": 0,
    "tests": 1,
    "passes": 1,
    "pending": 0,
    "failures": 0,
    "start": "2023-03-30T07:23:17.560Z",
    "end": "2023-03-30T07:23:25.430Z",
    "duration": 7870,
    "testsRegistered": 1,
    "passPercent": 100,
    "pendingPercent": 0,
    "other": 0,
    "hasOther": false,
    "skipped": 0,
    "hasSkipped": false
  },
  "results": [
    {
      "uuid": "ba389217-e0a5-4a3c-b66a-b04d61136189",
      "title": "",
      "fullFile": "cypress\\e2e\\DemoQA\\Element.cy.js",
      "file": "cypress\\e2e\\DemoQA\\Element.cy.js",
      "beforeHooks": [],
      "afterHooks": [],
      "tests": [
        {
          "title": "this is sample test script",
          "fullTitle": "this is sample test script",
          "timedOut": null,
          "duration": 7608,
          "state": "passed",
          "speed": "medium",
          "pass": true,
          "fail": false,
          "pending": false,
          "context": null,
          "code": "cy.visit(\"/elements\");\n_elementPage.default.clickelementbtn();\n_elementPage.default.clickelementbtn();\n_elementPage.default.elementheadervalidation(this.data.element);\n_elementPage.default.elementtextvalidation(this.data.text);",
          "err": {},
          "uuid": "8f8cdfb7-45ea-41f1-bede-a6898ad55e32",
          "parentUUID": "ba389217-e0a5-4a3c-b66a-b04d61136189",
          "isHook": false,
          "skipped": false
        }
      ],
      "suites": [],
      "passes": [
        "8f8cdfb7-45ea-41f1-bede-a6898ad55e32"
      ],
      "failures": [],
      "pending": [],
      "skipped": [],
      "duration": 7608,
      "root": true,
      "rootEmpty": false,
      "_timeout": 2000
    }
  ],
  "meta": {
    "mocha": {
      "version": "7.0.1"
    },
    "mochawesome": {
      "options": {
        "quiet": false,
        "reportFilename": "mochawesome",
        "saveHtml": false,
        "saveJson": true,
        "consoleReporter": "spec",
        "useInlineDiffs": false,
        "code": true
      },
      "version": "7.1.3"
    },
    "marge": {
      "options": {
        "overwrite": false,
        "html": false,
        "json": true,
        "reportDir": "cypress\\reports\\html\\.jsons"
      },
      "version": "6.2.0"
    }
  }
}