{
  "stats": {
    "suites": 0,
    "tests": 1,
    "passes": 1,
    "pending": 0,
    "failures": 0,
    "start": "2023-03-30T07:24:32.230Z",
    "end": "2023-03-30T07:24:39.537Z",
    "duration": 7307,
    "testsRegistered": 1,
    "passPercent": 100,
    "pendingPercent": 0,
    "other": 0,
    "hasOther": false,
    "skipped": 0,
    "hasSkipped": false
  },
  "results": [
    {
      "uuid": "0ccdc1f1-c29c-4515-b3b0-63f246694b2f",
      "title": "",
      "fullFile": "cypress\\e2e\\DemoQA\\Element.cy.js",
      "file": "cypress\\e2e\\DemoQA\\Element.cy.js",
      "beforeHooks": [],
      "afterHooks": [],
      "tests": [
        {
          "title": "this is sample test script",
          "fullTitle": "this is sample test script",
          "timedOut": null,
          "duration": 7145,
          "state": "passed",
          "speed": "medium",
          "pass": true,
          "fail": false,
          "pending": false,
          "context": null,
          "code": "cy.visit(\"/elements\");\n_elementPage.default.clickelementbtn();\n_elementPage.default.clickelementbtn();\n_elementPage.default.elementheadervalidation(this.data.element);\n_elementPage.default.elementtextvalidation(this.data.text);",
          "err": {},
          "uuid": "287d131b-87e4-4040-aa95-5f8151cc9f7d",
          "parentUUID": "0ccdc1f1-c29c-4515-b3b0-63f246694b2f",
          "isHook": false,
          "skipped": false
        }
      ],
      "suites": [],
      "passes": [
        "287d131b-87e4-4040-aa95-5f8151cc9f7d"
      ],
      "failures": [],
      "pending": [],
      "skipped": [],
      "duration": 7145,
      "root": true,
      "rootEmpty": false,
      "_timeout": 2000
    }
  ],
  "meta": {
    "mocha": {
      "version": "7.0.1"
    },
    "mochawesome": {
      "options": {
        "quiet": false,
        "reportFilename": "mochawesome",
        "saveHtml": false,
        "saveJson": true,
        "consoleReporter": "spec",
        "useInlineDiffs": false,
        "code": true
      },
      "version": "7.1.3"
    },
    "marge": {
      "options": {
        "overwrite": false,
        "html": false,
        "json": true,
        "reportDir": "cypress\\reports\\html\\.jsons"
      },
      "version": "6.2.0"
    }
  }
}