{
  "stats": {
    "suites": 0,
    "tests": 1,
    "passes": 0,
    "pending": 0,
    "failures": 1,
    "start": "2023-03-30T07:19:53.740Z",
    "end": "2023-03-30T07:20:06.600Z",
    "duration": 12860,
    "testsRegistered": 1,
    "passPercent": 0,
    "pendingPercent": 0,
    "other": 0,
    "hasOther": false,
    "skipped": 0,
    "hasSkipped": false
  },
  "results": [
    {
      "uuid": "f29a810a-b79d-4576-a089-9225d30a6656",
      "title": "",
      "fullFile": "cypress\\e2e\\DemoQA\\Element_uploaddownload.cy.js",
      "file": "cypress\\e2e\\DemoQA\\Element_uploaddownload.cy.js",
      "beforeHooks": [],
      "afterHooks": [],
      "tests": [
        {
          "title": "this is sample test script",
          "fullTitle": "this is sample test script",
          "timedOut": null,
          "duration": 12674,
          "state": "failed",
          "speed": null,
          "pass": false,
          "fail": true,
          "pending": false,
          "context": "{\n  \"title\": \"cypress-mochawesome-reporter-screenshots\",\n  \"value\": [\n    [\n      {\n        \"title\": \"Failed screenshot\",\n        \"value\": \"\\\\Element_uploaddownload.cy.js\\\\this is sample test script (failed).png\"\n      }\n    ]\n  ]\n}",
          "code": "cy.visit(\"upload-download\");\n_elementuploaddownload.default.clickuploaddownloadbtn();\n//elementuploaddownload.uploaddownloadbtnheadervalidation(this.data.uploaddownload);\n_elementuploaddownload.default.clickdownloadbtn();\n_elementuploaddownload.default.clickchoosefilebtn();",
          "err": {
            "message": "AssertionError: Timed out retrying after 4000ms: `cy.readFile(\"cypress/downloads/sampleFile\")` failed because the file does not exist at the following path:\n\n`C:\\Users\\srinischal.thiparani\\Desktop\\Cypress automation\\Practice\\cypress\\downloads\\sampleFile`\n\nhttps://on.cypress.io/readfile",
            "estack": "AssertionError: Timed out retrying after 4000ms: `cy.readFile(\"cypress/downloads/sampleFile\")` failed because the file does not exist at the following path:\n\n`C:\\Users\\srinischal.thiparani\\Desktop\\Cypress automation\\Practice\\cypress\\downloads\\sampleFile`\n\nhttps://on.cypress.io/readfile\n    at elementuplaoddownloadPage.clickdownloadbtn (webpack:///./cypress/pages/elementuploaddownload.js:16:11)\n    at Context.eval (webpack:///./cypress/e2e/DemoQA/Element_uploaddownload.cy.js:16:26)",
            "diff": null
          },
          "uuid": "b6793339-8fb2-4f23-a364-68f531e8a027",
          "parentUUID": "f29a810a-b79d-4576-a089-9225d30a6656",
          "isHook": false,
          "skipped": false
        }
      ],
      "suites": [],
      "passes": [],
      "failures": [
        "b6793339-8fb2-4f23-a364-68f531e8a027"
      ],
      "pending": [],
      "skipped": [],
      "duration": 12674,
      "root": true,
      "rootEmpty": false,
      "_timeout": 2000
    }
  ],
  "meta": {
    "mocha": {
      "version": "7.0.1"
    },
    "mochawesome": {
      "options": {
        "quiet": false,
        "reportFilename": "mochawesome",
        "saveHtml": false,
        "saveJson": true,
        "consoleReporter": "spec",
        "useInlineDiffs": false,
        "code": true
      },
      "version": "7.1.3"
    },
    "marge": {
      "options": {
        "overwrite": false,
        "html": false,
        "json": true,
        "reportDir": "cypress\\reports\\html\\.jsons"
      },
      "version": "6.2.0"
    }
  }
}