{
  "stats": {
    "suites": 0,
    "tests": 0,
    "passes": 0,
    "pending": 0,
    "failures": 0,
    "start": "2023-04-04T07:21:06.790Z",
    "end": "2023-04-04T07:22:23.148Z",
    "duration": 76358,
    "testsRegistered": 1,
    "passPercent": 0,
    "pendingPercent": 0,
    "other": 1,
    "hasOther": true,
    "skipped": 0,
    "hasSkipped": false
  },
  "results": [
    {
      "uuid": "03ac436f-3b22-4ebd-ad1d-5fb08ba9dcc8",
      "title": "",
      "fullFile": "cypress\\e2e\\DemoQA\\Element_brokenlinkimages.cy.js",
      "file": "cypress\\e2e\\DemoQA\\Element_brokenlinkimages.cy.js",
      "beforeHooks": [],
      "afterHooks": [],
      "tests": [
        {
          "title": "this is sample test script",
          "fullTitle": "this is sample test script",
          "timedOut": null,
          "duration": 0,
          "state": "failed",
          "speed": null,
          "pass": false,
          "fail": true,
          "pending": false,
          "context": null,
          "code": "cy.visit(\"/broken\");\n_elementbrokenlinkimagePage.default.clickbrokenlinkbtn();\n_elementbrokenlinkimagePage.default.brokenlinkheadervalidation();\n_elementbrokenlinkimagePage.default.validimage();\n_elementbrokenlinkimagePage.default.invalidimage();\n_elementbrokenlinkimagePage.default.brokenlink();",
          "err": {
            "message": "CypressError: Timed out after waiting `60000ms` for your remote page to load.\n\nYour page did not fire its `load` event within `60000ms`.\n\nYou can try increasing the `pageLoadTimeout` value in `cypress.config.js` to wait longer.\n\nBrowsers will not fire the `load` event until all stylesheets and scripts are done downloading.\n\nWhen this `load` event occurs, Cypress will continue running commands.",
            "estack": "CypressError: Timed out after waiting `60000ms` for your remote page to load.\n\nYour page did not fire its `load` event within `60000ms`.\n\nYou can try increasing the `pageLoadTimeout` value in `cypress.config.js` to wait longer.\n\nBrowsers will not fire the `load` event until all stylesheets and scripts are done downloading.\n\nWhen this `load` event occurs, Cypress will continue running commands.\n    at timedOutWaitingForPageLoad (https://demoqa.com/__cypress/runner/cypress_runner.js:137295:72)\n    at <unknown> (https://demoqa.com/__cypress/runner/cypress_runner.js:137593:16)\n    at tryCatcher (https://demoqa.com/__cypress/runner/cypress_runner.js:8914:23)\n    at <unknown> (https://demoqa.com/__cypress/runner/cypress_runner.js:4036:41)\n    at tryCatcher (https://demoqa.com/__cypress/runner/cypress_runner.js:8914:23)\n    at Promise._settlePromiseFromHandler (https://demoqa.com/__cypress/runner/cypress_runner.js:6849:31)\n    at Promise._settlePromise (https://demoqa.com/__cypress/runner/cypress_runner.js:6906:18)\n    at Promise._settlePromise0 (https://demoqa.com/__cypress/runner/cypress_runner.js:6951:10)\n    at Promise._settlePromises (https://demoqa.com/__cypress/runner/cypress_runner.js:7027:18)\n    at _drainQueueStep (https://demoqa.com/__cypress/runner/cypress_runner.js:3621:12)\n    at _drainQueue (https://demoqa.com/__cypress/runner/cypress_runner.js:3614:9)\n    at ../../node_modules/bluebird/js/release/async.js.Async._drainQueues (https://demoqa.com/__cypress/runner/cypress_runner.js:3630:5)\n    at Async.drainQueues (https://demoqa.com/__cypress/runner/cypress_runner.js:3500:14)",
            "diff": null
          },
          "uuid": "0b8e2c4b-3c33-43bb-83b5-dc731f08e342",
          "parentUUID": "03ac436f-3b22-4ebd-ad1d-5fb08ba9dcc8",
          "isHook": false,
          "skipped": false
        }
      ],
      "suites": [],
      "passes": [],
      "failures": [
        "0b8e2c4b-3c33-43bb-83b5-dc731f08e342"
      ],
      "pending": [],
      "skipped": [],
      "duration": 0,
      "root": true,
      "rootEmpty": false,
      "_timeout": 2000
    }
  ],
  "meta": {
    "mocha": {
      "version": "7.0.1"
    },
    "mochawesome": {
      "options": {
        "quiet": false,
        "reportFilename": "mochawesome",
        "saveHtml": false,
        "saveJson": true,
        "consoleReporter": "spec",
        "useInlineDiffs": false,
        "code": true
      },
      "version": "7.1.3"
    },
    "marge": {
      "options": {
        "overwrite": false,
        "html": false,
        "json": true,
        "reportDir": "cypress\\reports\\html\\.jsons"
      },
      "version": "6.2.0"
    }
  }
}