{
  "stats": {
    "suites": 0,
    "tests": 1,
    "passes": 0,
    "pending": 0,
    "failures": 1,
    "start": "2023-03-30T06:54:14.490Z",
    "end": "2023-03-30T06:54:22.087Z",
    "duration": 7597,
    "testsRegistered": 1,
    "passPercent": 0,
    "pendingPercent": 0,
    "other": 0,
    "hasOther": false,
    "skipped": 0,
    "hasSkipped": false
  },
  "results": [
    {
      "uuid": "6747350f-9f38-49e5-aca8-8421f9078e47",
      "title": "",
      "fullFile": "cypress\\e2e\\DemoQA\\Element_uploaddownload.cy.js",
      "file": "cypress\\e2e\\DemoQA\\Element_uploaddownload.cy.js",
      "beforeHooks": [],
      "afterHooks": [],
      "tests": [
        {
          "title": "this is sample test script",
          "fullTitle": "this is sample test script",
          "timedOut": null,
          "duration": 7310,
          "state": "failed",
          "speed": null,
          "pass": false,
          "fail": true,
          "pending": false,
          "context": "{\n  \"title\": \"cypress-mochawesome-reporter-screenshots\",\n  \"value\": [\n    [\n      {\n        \"title\": \"Failed screenshot\",\n        \"value\": \"\\\\Element_uploaddownload.cy.js\\\\this is sample test script (failed).png\"\n      }\n    ]\n  ]\n}",
          "code": "cy.visit(\"upload-download\");\n_elementuploaddownload.default.clickuploaddownloadbtn();\n//elementuploaddownload.uploaddownloadbtnheadervalidation();\n_elementuploaddownload.default.clickdownloadbtn();\n_elementuploaddownload.default.clickchoosefilebtn();",
          "err": {
            "message": "CypressError: `cy.selectFile(\"Free_Test_Data_500KB_DOCX\")` failed because the file does not exist at the following path:\n\n`C:\\Users\\srinischal.thiparani\\Desktop\\Cypress automation\\Practice\\Free_Test_Data_500KB_DOCX`\n\nhttps://on.cypress.io/selectfile",
            "estack": "CypressError: `cy.selectFile(\"Free_Test_Data_500KB_DOCX\")` failed because the file does not exist at the following path:\n\n`C:\\Users\\srinischal.thiparani\\Desktop\\Cypress automation\\Practice\\Free_Test_Data_500KB_DOCX`\n\nhttps://on.cypress.io/selectfile\n    at <unknown> (https://demoqa.com/__cypress/runner/cypress_runner.js:133766:78)\n    at tryCatcher (https://demoqa.com/__cypress/runner/cypress_runner.js:8914:23)\n    at Promise._settlePromiseFromHandler (https://demoqa.com/__cypress/runner/cypress_runner.js:6849:31)\n    at Promise._settlePromise (https://demoqa.com/__cypress/runner/cypress_runner.js:6906:18)\n    at Promise._settlePromise0 (https://demoqa.com/__cypress/runner/cypress_runner.js:6951:10)\n    at Promise._settlePromises (https://demoqa.com/__cypress/runner/cypress_runner.js:7027:18)\n    at _drainQueueStep (https://demoqa.com/__cypress/runner/cypress_runner.js:3621:12)\n    at _drainQueue (https://demoqa.com/__cypress/runner/cypress_runner.js:3614:9)\n    at ../../node_modules/bluebird/js/release/async.js.Async._drainQueues (https://demoqa.com/__cypress/runner/cypress_runner.js:3630:5)\n    at Async.drainQueues (https://demoqa.com/__cypress/runner/cypress_runner.js:3500:14)\nFrom Your Spec Code:\n    at elementuplaoddownloadPage.clickchoosefilebtn (webpack:///./cypress/pages/elementuploaddownload.js:19:38)\n    at Context.eval (webpack:///./cypress/e2e/DemoQA/Element_uploaddownload.cy.js:17:26)",
            "diff": null
          },
          "uuid": "b610f0a5-390b-43fc-a850-809ca77f833d",
          "parentUUID": "6747350f-9f38-49e5-aca8-8421f9078e47",
          "isHook": false,
          "skipped": false
        }
      ],
      "suites": [],
      "passes": [],
      "failures": [
        "b610f0a5-390b-43fc-a850-809ca77f833d"
      ],
      "pending": [],
      "skipped": [],
      "duration": 7310,
      "root": true,
      "rootEmpty": false,
      "_timeout": 2000
    }
  ],
  "meta": {
    "mocha": {
      "version": "7.0.1"
    },
    "mochawesome": {
      "options": {
        "quiet": false,
        "reportFilename": "mochawesome",
        "saveHtml": false,
        "saveJson": true,
        "consoleReporter": "spec",
        "useInlineDiffs": false,
        "code": true
      },
      "version": "7.1.3"
    },
    "marge": {
      "options": {
        "overwrite": false,
        "html": false,
        "json": true,
        "reportDir": "cypress\\reports\\html\\.jsons"
      },
      "version": "6.2.0"
    }
  }
}