{
  "stats": {
    "suites": 0,
    "tests": 1,
    "passes": 1,
    "pending": 0,
    "failures": 0,
    "start": "2023-03-30T07:38:18.553Z",
    "end": "2023-03-30T07:38:26.476Z",
    "duration": 7923,
    "testsRegistered": 1,
    "passPercent": 100,
    "pendingPercent": 0,
    "other": 0,
    "hasOther": false,
    "skipped": 0,
    "hasSkipped": false
  },
  "results": [
    {
      "uuid": "4c08896f-1536-4939-8ba7-a8523ab4afb3",
      "title": "",
      "fullFile": "cypress\\e2e\\DemoQA\\Element_uploaddownload.cy.js",
      "file": "cypress\\e2e\\DemoQA\\Element_uploaddownload.cy.js",
      "beforeHooks": [],
      "afterHooks": [],
      "tests": [
        {
          "title": "this is sample test script",
          "fullTitle": "this is sample test script",
          "timedOut": null,
          "duration": 7822,
          "state": "passed",
          "speed": "medium",
          "pass": true,
          "fail": false,
          "pending": false,
          "context": null,
          "code": "cy.visit(\"upload-download\");\n_elementuploaddownload.default.clickuploaddownloadbtn();\n_elementuploaddownload.default.uploaddownloadbtnheadervalidation(this.data.uploaddownload);\n_elementuploaddownload.default.clickdownloadbtn();\n_elementuploaddownload.default.clickchoosefilebtn();",
          "err": {},
          "uuid": "41e6384c-ccac-4d2e-b0bb-d57583ccac2b",
          "parentUUID": "4c08896f-1536-4939-8ba7-a8523ab4afb3",
          "isHook": false,
          "skipped": false
        }
      ],
      "suites": [],
      "passes": [
        "41e6384c-ccac-4d2e-b0bb-d57583ccac2b"
      ],
      "failures": [],
      "pending": [],
      "skipped": [],
      "duration": 7822,
      "root": true,
      "rootEmpty": false,
      "_timeout": 2000
    }
  ],
  "meta": {
    "mocha": {
      "version": "7.0.1"
    },
    "mochawesome": {
      "options": {
        "quiet": false,
        "reportFilename": "mochawesome",
        "saveHtml": false,
        "saveJson": true,
        "consoleReporter": "spec",
        "useInlineDiffs": false,
        "code": true
      },
      "version": "7.1.3"
    },
    "marge": {
      "options": {
        "overwrite": false,
        "html": false,
        "json": true,
        "reportDir": "cypress\\reports\\html\\.jsons"
      },
      "version": "6.2.0"
    }
  }
}