{
  "stats": {
    "suites": 0,
    "tests": 1,
    "passes": 0,
    "pending": 0,
    "failures": 1,
    "start": "2023-03-30T07:30:53.373Z",
    "end": "2023-03-30T07:31:01.230Z",
    "duration": 7857,
    "testsRegistered": 1,
    "passPercent": 0,
    "pendingPercent": 0,
    "other": 0,
    "hasOther": false,
    "skipped": 0,
    "hasSkipped": false
  },
  "results": [
    {
      "uuid": "02e132bf-b1cf-4eba-b416-c509da768afd",
      "title": "",
      "fullFile": "cypress\\e2e\\DemoQA\\Element_uploaddownload.cy.js",
      "file": "cypress\\e2e\\DemoQA\\Element_uploaddownload.cy.js",
      "beforeHooks": [],
      "afterHooks": [],
      "tests": [
        {
          "title": "this is sample test script",
          "fullTitle": "this is sample test script",
          "timedOut": null,
          "duration": 7679,
          "state": "failed",
          "speed": null,
          "pass": false,
          "fail": true,
          "pending": false,
          "context": "{\n  \"title\": \"cypress-mochawesome-reporter-screenshots\",\n  \"value\": [\n    [\n      {\n        \"title\": \"Failed screenshot\",\n        \"value\": \"\\\\Element_uploaddownload.cy.js\\\\this is sample test script (failed).png\"\n      }\n    ]\n  ]\n}",
          "code": "cy.visit(\"upload-download\");\n_elementuploaddownload.default.clickuploaddownloadbtn();\n_elementuploaddownload.default.uploaddownloadbtnheadervalidation(this.data.uploaddownload);\n_elementuploaddownload.default.clickdownloadbtn();\n_elementuploaddownload.default.clickchoosefilebtn();",
          "err": {
            "message": "CypressError: `cy.scrollTo()` must be called with a valid `position`. It can be a string, number or object. Your position was: `[object Window], 0`\n\nhttps://on.cypress.io/scrollto",
            "estack": "CypressError: `cy.scrollTo()` must be called with a valid `position`. It can be a string, number or object. Your position was: `[object Window], 0`\n\nhttps://on.cypress.io/scrollto\n    at Context.scrollTo (https://demoqa.com/__cypress/runner/cypress_runner.js:133128:78)\n    at wrapped (https://demoqa.com/__cypress/runner/cypress_runner.js:151182:19)\nFrom Your Spec Code:\n    at elementuplaoddownloadPage.uploaddownloadbtnheadervalidation (webpack:///./cypress/pages/elementuploaddownload.js:12:11)\n    at Context.eval (webpack:///./cypress/e2e/DemoQA/Element_uploaddownload.cy.js:15:26)",
            "diff": null
          },
          "uuid": "e40df2bf-f9a5-46a0-8b68-226fe49c0bba",
          "parentUUID": "02e132bf-b1cf-4eba-b416-c509da768afd",
          "isHook": false,
          "skipped": false
        }
      ],
      "suites": [],
      "passes": [],
      "failures": [
        "e40df2bf-f9a5-46a0-8b68-226fe49c0bba"
      ],
      "pending": [],
      "skipped": [],
      "duration": 7679,
      "root": true,
      "rootEmpty": false,
      "_timeout": 2000
    }
  ],
  "meta": {
    "mocha": {
      "version": "7.0.1"
    },
    "mochawesome": {
      "options": {
        "quiet": false,
        "reportFilename": "mochawesome",
        "saveHtml": false,
        "saveJson": true,
        "consoleReporter": "spec",
        "useInlineDiffs": false,
        "code": true
      },
      "version": "7.1.3"
    },
    "marge": {
      "options": {
        "overwrite": false,
        "html": false,
        "json": true,
        "reportDir": "cypress\\reports\\html\\.jsons"
      },
      "version": "6.2.0"
    }
  }
}