{
  "stats": {
    "suites": 0,
    "tests": 1,
    "passes": 1,
    "pending": 0,
    "failures": 0,
    "start": "2023-03-30T06:58:05.101Z",
    "end": "2023-03-30T06:58:12.488Z",
    "duration": 7387,
    "testsRegistered": 1,
    "passPercent": 100,
    "pendingPercent": 0,
    "other": 0,
    "hasOther": false,
    "skipped": 0,
    "hasSkipped": false
  },
  "results": [
    {
      "uuid": "7cc032f4-f059-48e0-bc8c-04deb1a507d4",
      "title": "",
      "fullFile": "cypress\\e2e\\DemoQA\\Element_uploaddownload.cy.js",
      "file": "cypress\\e2e\\DemoQA\\Element_uploaddownload.cy.js",
      "beforeHooks": [],
      "afterHooks": [],
      "tests": [
        {
          "title": "this is sample test script",
          "fullTitle": "this is sample test script",
          "timedOut": null,
          "duration": 7272,
          "state": "passed",
          "speed": "medium",
          "pass": true,
          "fail": false,
          "pending": false,
          "context": null,
          "code": "cy.visit(\"upload-download\");\n_elementuploaddownload.default.clickuploaddownloadbtn();\n//elementuploaddownload.uploaddownloadbtnheadervalidation();\n_elementuploaddownload.default.clickdownloadbtn();\n_elementuploaddownload.default.clickchoosefilebtn();",
          "err": {},
          "uuid": "4c7c634f-13ff-44d9-a9bb-9962aa06f258",
          "parentUUID": "7cc032f4-f059-48e0-bc8c-04deb1a507d4",
          "isHook": false,
          "skipped": false
        }
      ],
      "suites": [],
      "passes": [
        "4c7c634f-13ff-44d9-a9bb-9962aa06f258"
      ],
      "failures": [],
      "pending": [],
      "skipped": [],
      "duration": 7272,
      "root": true,
      "rootEmpty": false,
      "_timeout": 2000
    }
  ],
  "meta": {
    "mocha": {
      "version": "7.0.1"
    },
    "mochawesome": {
      "options": {
        "quiet": false,
        "reportFilename": "mochawesome",
        "saveHtml": false,
        "saveJson": true,
        "consoleReporter": "spec",
        "useInlineDiffs": false,
        "code": true
      },
      "version": "7.1.3"
    },
    "marge": {
      "options": {
        "overwrite": false,
        "html": false,
        "json": true,
        "reportDir": "cypress\\reports\\html\\.jsons"
      },
      "version": "6.2.0"
    }
  }
}