{
  "stats": {
    "suites": 0,
    "tests": 1,
    "passes": 0,
    "pending": 0,
    "failures": 1,
    "start": "2023-03-30T07:29:55.684Z",
    "end": "2023-03-30T07:29:56.264Z",
    "duration": 580,
    "testsRegistered": 1,
    "passPercent": 0,
    "pendingPercent": 0,
    "other": 0,
    "hasOther": false,
    "skipped": 0,
    "hasSkipped": false
  },
  "results": [
    {
      "uuid": "a388afa1-d513-4c92-97a4-1b080a379bd8",
      "title": "",
      "fullFile": "cypress\\e2e\\DemoQA\\Element_uploaddownload.cy.js",
      "file": "cypress\\e2e\\DemoQA\\Element_uploaddownload.cy.js",
      "beforeHooks": [],
      "afterHooks": [],
      "tests": [
        {
          "title": "this is sample test script",
          "fullTitle": "this is sample test script",
          "timedOut": null,
          "duration": 425,
          "state": "failed",
          "speed": null,
          "pass": false,
          "fail": true,
          "pending": false,
          "context": "{\n  \"title\": \"cypress-mochawesome-reporter-screenshots\",\n  \"value\": [\n    [\n      {\n        \"title\": \"Failed screenshot\",\n        \"value\": \"\\\\Element_uploaddownload.cy.js\\\\this is sample test script (failed).png\"\n      }\n    ]\n  ]\n}",
          "code": "cy.visit(\"upload-download\");\n_elementuploaddownload.default.clickuploaddownloadbtn();\n_elementuploaddownload.default.uploaddownloadbtnheadervalidation(this.data.uploaddownload);\n_elementuploaddownload.default.clickdownloadbtn();\n_elementuploaddownload.default.clickchoosefilebtn();",
          "err": {
            "message": "TypeError: cy.window.scrollTo is not a function",
            "estack": "TypeError: cy.window.scrollTo is not a function\n    at elementuplaoddownloadPage.uploaddownloadbtnheadervalidation (webpack:///./cypress/pages/elementuploaddownload.js:12:18)\n    at Context.eval (webpack:///./cypress/e2e/DemoQA/Element_uploaddownload.cy.js:15:26)",
            "diff": null
          },
          "uuid": "47c6c71d-ed30-45e4-ac62-bbddab4810d5",
          "parentUUID": "a388afa1-d513-4c92-97a4-1b080a379bd8",
          "isHook": false,
          "skipped": false
        }
      ],
      "suites": [],
      "passes": [],
      "failures": [
        "47c6c71d-ed30-45e4-ac62-bbddab4810d5"
      ],
      "pending": [],
      "skipped": [],
      "duration": 425,
      "root": true,
      "rootEmpty": false,
      "_timeout": 2000
    }
  ],
  "meta": {
    "mocha": {
      "version": "7.0.1"
    },
    "mochawesome": {
      "options": {
        "quiet": false,
        "reportFilename": "mochawesome",
        "saveHtml": false,
        "saveJson": true,
        "consoleReporter": "spec",
        "useInlineDiffs": false,
        "code": true
      },
      "version": "7.1.3"
    },
    "marge": {
      "options": {
        "overwrite": false,
        "html": false,
        "json": true,
        "reportDir": "cypress\\reports\\html\\.jsons"
      },
      "version": "6.2.0"
    }
  }
}